Build started 4/26/2018 11:40:32 AM.
     1>Project "F:\Projects\Snake Final-SD\iGraphic1.2VS10\iGraphic1.2VS10\iGraphic1.2VS10\iGraphic1.2VS10.vcxproj" on node 2 (build target(s)).
     1>InitializeBuildStatus:
         Creating "Debug\iGraphic1.2VS10.unsuccessfulbuild" because "AlwaysCreate" was specified.
       ClCompile:
         C:\Program Files (x86)\Microsoft Visual Studio 10.0\VC\bin\CL.exe /c /ZI /nologo /W3 /WX- /Od /Oy- /D WIN32 /D _DEBUG /D _CONSOLE /D _UNICODE /D UNICODE /Gm /EHsc /RTC1 /MDd /GS /fp:precise /Zc:wchar_t /Zc:forScope /Fo"Debug\\" /Fd"Debug\vc100.pdb" /Gd /TP /analyze- /errorReport:prompt ..\iMain.cpp
         Skipping... (no relevant changes detected)
         iMain.cpp
       ManifestResourceCompile:
         All outputs are up-to-date.
       Link:
         C:\Program Files (x86)\Microsoft Visual Studio 10.0\VC\bin\link.exe /ERRORREPORT:PROMPT /OUT:"F:\Projects\Snake Final-SD\iGraphic1.2VS10\iGraphic1.2VS10\Debug\iGraphic1.2VS10.exe" /INCREMENTAL /NOLOGO kernel32.lib user32.lib gdi32.lib winspool.lib comdlg32.lib advapi32.lib shell32.lib ole32.lib oleaut32.lib uuid.lib odbc32.lib odbccp32.lib /MANIFEST /ManifestFile:"Debug\iGraphic1.2VS10.exe.intermediate.manifest" /MANIFESTUAC:"level='asInvoker' uiAccess='false'" /DEBUG /PDB:"F:\Projects\Snake Final-SD\iGraphic1.2VS10\iGraphic1.2VS10\Debug\iGraphic1.2VS10.pdb" /SUBSYSTEM:CONSOLE /TLBID:1 /DYNAMICBASE /NXCOMPAT /IMPLIB:"F:\Projects\Snake Final-SD\iGraphic1.2VS10\iGraphic1.2VS10\Debug\iGraphic1.2VS10.lib" /MACHINE:X86 Debug\iGraphic1.2VS10.exe.embed.manifest.res
         Debug\iMain.obj
       Manifest:
         C:\Program Files (x86)\Microsoft SDKs\Windows\v7.0A\bin\mt.exe /nologo /verbose /out:"Debug\iGraphic1.2VS10.exe.embed.manifest" /manifest Debug\iGraphic1.2VS10.exe.intermediate.manifest
         All outputs are up-to-date.
       LinkEmbedManifest:
         All outputs are up-to-date.
         iGraphic1.2VS10.vcxproj -> F:\Projects\Snake Final-SD\iGraphic1.2VS10\iGraphic1.2VS10\Debug\iGraphic1.2VS10.exe
       FinalizeBuildStatus:
         Deleting file "Debug\iGraphic1.2VS10.unsuccessfulbuild".
         Touching "Debug\iGraphic1.2VS10.lastbuildstate".
     1>Done Building Project "F:\Projects\Snake Final-SD\iGraphic1.2VS10\iGraphic1.2VS10\iGraphic1.2VS10\iGraphic1.2VS10.vcxproj" (build target(s)).

Build succeeded.

Time Elapsed 00:00:04.45
